-------------------------------------------------------------------------------
Test set: com.CarsDAOTest
-------------------------------------------------------------------------------
Tests run: 1, Failures: 0, Errors: 1, Skipped: 0, Time elapsed: 0.937 s <<< FAILURE! - in com.CarsDAOTest
register(com.CarsDAOTest)  Time elapsed: 0.904 s  <<< ERROR!
org.hibernate.service.spi.ServiceException: Unable to create requested service [org.hibernate.engine.jdbc.env.spi.JdbcEnvironment] due to: Error calling Driver.connect() [FATAL: banco de dados "cars" n�o existe] [FATAL: banco de dados "cars" n�o existe] [n/a]
	at com.CarsDAOTest.register(CarsDAOTest.java:25)
Caused by: org.hibernate.exception.GenericJDBCException: Error calling Driver.connect() [FATAL: banco de dados "cars" n�o existe] [FATAL: banco de dados "cars" n�o existe] [n/a]
	at com.CarsDAOTest.register(CarsDAOTest.java:25)
Caused by: org.postgresql.util.PSQLException: FATAL: banco de dados "cars" n�o existe
	at com.CarsDAOTest.register(CarsDAOTest.java:25)

