<?xml version="1.0" encoding="UTF-8"?>
<testsuite xmlns:xsi="http://www.w3.org/2001/XMLSchema-instance" xsi:noNamespaceSchemaLocation="https://maven.apache.org/surefire/maven-surefire-plugin/xsd/surefire-test-report.xsd" name="com.CarsDAOTest" time="0.098" tests="1" errors="1" skipped="0" failures="0">
  <properties>
[...]
</properties>
  <testcase name="register" classname="com.CarsDAOTest" time="0.06">
    <error message="No Persistence provider for EntityManager named Cars" type="jakarta.persistence.PersistenceException">jakarta.persistence.PersistenceException: No Persistence provider for EntityManager named Cars
	at com.CarsDAOTest.register(CarsDAOTest.java:25)
</error>
    <system-err><![CDATA[out. 30, 2024 9:03:52 PM jakarta.persistence.spi.PersistenceProviderResolverHolder$DefaultPersistenceProviderResolver log
WARNING: jakarta.persistence.spi::No valid providers found.
]]></system-err>
  </testcase>
</testsuite>